# JRE version: Java(TM) SE Runtime Environment (8.0-b118) (build 1.8.0-ea-b118)
# Java VM: Java HotSpot(TM) 64-Bit Server VM (25.0-b60 mixed mode windows-amd64 compressed oops)
Heap:
 PSYoungGen      total 4608K, used 4308K [0x00000000f0600000, 0x00000000f0b80000, 0x0000000100000000)
  eden space 3584K, 98% used [0x00000000f0600000,0x00000000f0972448,0x00000000f0980000)
  from space 1024K, 76% used [0x00000000f0a80000,0x00000000f0b42d00,0x00000000f0b80000)
  to   space 1024K, 0% used [0x00000000f0980000,0x00000000f0980000,0x00000000f0a80000)
 ParOldGen       total 47616K, used 3258K [0x00000000d1200000, 0x00000000d4080000, 0x00000000f0600000)
  object space 47616K, 6% used [0x00000000d1200000,0x00000000d152e8d8,0x00000000d4080000)
 Metaspace       used 5520K, capacity 5626K, committed 5888K, reserved 1056768K
  class space    used 642K, capacity 658K, committed 768K, reserved 1048576K
GC Heap History (10 events):
Event: 22.002 GC heap before
{Heap before GC invocations=8 (full 0):
 PSYoungGen      total 1536K, used 1232K [0x00000000f0600000, 0x00000000f0900000, 0x0000000100000000)
  eden space 512K, 100% used [0x00000000f0600000,0x00000000f0680000,0x00000000f0680000)
  from space 1024K, 70% used [0x00000000f0680000,0x00000000f0734010,0x00000000f0780000)
  to   space 1024K, 0% used [0x00000000f0800000,0x00000000f0800000,0x00000000f0900000)
 ParOldGen       total 47616K, used 2237K [0x00000000d1200000, 0x00000000d4080000, 0x00000000f0600000)
  object space 47616K, 4% used [0x00000000d1200000,0x00000000d142f448,0x00000000d4080000)
 Metaspace       used 3607K, capacity 4670K, committed 4864K, reserved 1056768K
  class space    used 402K, capacity 430K, committed 512K, reserved 1048576K
Event: 22.006 GC heap after
Heap after GC invocations=8 (full 0):
 PSYoungGen      total 2048K, used 864K [0x00000000f0600000, 0x00000000f0900000, 0x0000000100000000)
  eden space 1024K, 0% used [0x00000000f0600000,0x00000000f0600000,0x00000000f0700000)
  from space 1024K, 84% used [0x00000000f0800000,0x00000000f08d8000,0x00000000f0900000)
  to   space 1024K, 0% used [0x00000000f0700000,0x00000000f0700000,0x00000000f0800000)
 ParOldGen       total 47616K, used 2341K [0x00000000d1200000, 0x00000000d4080000, 0x00000000f0600000)
  object space 47616K, 4% used [0x00000000d1200000,0x00000000d1449448,0x00000000d4080000)
 Metaspace       used 3607K, capacity 4670K, committed 4864K, reserved 1056768K
  class space    used 402K, capacity 430K, committed 512K, reserved 1048576K
}
Event: 32.297 GC heap before
{Heap before GC invocations=9 (full 0):
 PSYoungGen      total 2048K, used 1888K [0x00000000f0600000, 0x00000000f0900000, 0x0000000100000000)
  eden space 1024K, 100% used [0x00000000f0600000,0x00000000f0700000,0x00000000f0700000)
  from space 1024K, 84% used [0x00000000f0800000,0x00000000f08d8000,0x00000000f0900000)
  to   space 1024K, 0% used [0x00000000f0700000,0x00000000f0700000,0x00000000f0800000)
 ParOldGen       total 47616K, used 2341K [0x00000000d1200000, 0x00000000d4080000, 0x00000000f0600000)
  object space 47616K, 4% used [0x00000000d1200000,0x00000000d1449448,0x00000000d4080000)
 Metaspace       used 3616K, capacity 4672K, committed 4864K, reserved 1056768K
  class space    used 402K, capacity 432K, committed 512K, reserved 1048576K
Event: 32.300 GC heap after
Heap after GC invocations=9 (full 0):
 PSYoungGen      total 2048K, used 661K [0x00000000f0600000, 0x00000000f0a00000, 0x0000000100000000)
  eden space 1024K, 0% used [0x00000000f0600000,0x00000000f0600000,0x00000000f0700000)
  from space 1024K, 64% used [0x00000000f0700000,0x00000000f07a5490,0x00000000f0800000)
  to   space 1024K, 0% used [0x00000000f0900000,0x00000000f0900000,0x00000000f0a00000)
 ParOldGen       total 47616K, used 2653K [0x00000000d1200000, 0x00000000d4080000, 0x00000000f0600000)
  object space 47616K, 5% used [0x00000000d1200000,0x00000000d1497448,0x00000000d4080000)
 Metaspace       used 3616K, capacity 4672K, committed 4864K, reserved 1056768K
  class space    used 402K, capacity 432K, committed 512K, reserved 1048576K
}
Event: 32.314 GC heap before
{Heap before GC invocations=10 (full 0):
 PSYoungGen      total 2048K, used 1685K [0x00000000f0600000, 0x00000000f0a00000, 0x0000000100000000)
  eden space 1024K, 100% used [0x00000000f0600000,0x00000000f0700000,0x00000000f0700000)
  from space 1024K, 64% used [0x00000000f0700000,0x00000000f07a5490,0x00000000f0800000)
  to   space 1024K, 0% used [0x00000000f0900000,0x00000000f0900000,0x00000000f0a00000)
 ParOldGen       total 47616K, used 2653K [0x00000000d1200000, 0x00000000d4080000, 0x00000000f0600000)
  object space 47616K, 5% used [0x00000000d1200000,0x00000000d1497448,0x00000000d4080000)
 Metaspace       used 3626K, capacity 4672K, committed 4864K, reserved 1056768K
  class space    used 402K, capacity 432K, committed 512K, reserved 1048576K
Event: 32.316 GC heap after
Heap after GC invocations=10 (full 0):
 PSYoungGen      total 3072K, used 266K [0x00000000f0600000, 0x00000000f0a00000, 0x0000000100000000)
  eden space 2048K, 0% used [0x00000000f0600000,0x00000000f0600000,0x00000000f0800000)
  from space 1024K, 25% used [0x00000000f0900000,0x00000000f09428a0,0x00000000f0a00000)
  to   space 1024K, 0% used [0x00000000f0800000,0x00000000f0800000,0x00000000f0900000)
 ParOldGen       total 47616K, used 3133K [0x00000000d1200000, 0x00000000d4080000, 0x00000000f0600000)
  object space 47616K, 6% used [0x00000000d1200000,0x00000000d150f448,0x00000000d4080000)
 Metaspace       used 3626K, capacity 4672K, committed 4864K, reserved 1056768K
  class space    used 402K, capacity 432K, committed 512K, reserved 1048576K
}
Event: 32.329 GC heap before
{Heap before GC invocations=11 (full 0):
 PSYoungGen      total 3072K, used 2314K [0x00000000f0600000, 0x00000000f0a00000, 0x0000000100000000)
  eden space 2048K, 100% used [0x00000000f0600000,0x00000000f0800000,0x00000000f0800000)
  from space 1024K, 25% used [0x00000000f0900000,0x00000000f09428a0,0x00000000f0a00000)
  to   space 1024K, 0% used [0x00000000f0800000,0x00000000f0800000,0x00000000f0900000)
 ParOldGen       total 47616K, used 3133K [0x00000000d1200000, 0x00000000d4080000, 0x00000000f0600000)
  object space 47616K, 6% used [0x00000000d1200000,0x00000000d150f448,0x00000000d4080000)
 Metaspace       used 3629K, capacity 4672K, committed 4864K, reserved 1056768K
  class space    used 402K, capacity 432K, committed 512K, reserved 1048576K
Event: 32.348 GC heap after
Heap after GC invocations=11 (full 0):
 PSYoungGen      total 3072K, used 298K [0x00000000f0600000, 0x00000000f0b80000, 0x0000000100000000)
  eden space 2048K, 0% used [0x00000000f0600000,0x00000000f0600000,0x00000000f0800000)
  from space 1024K, 29% used [0x00000000f0800000,0x00000000f084a810,0x00000000f0900000)
  to   space 1024K, 0% used [0x00000000f0a80000,0x00000000f0a80000,0x00000000f0b80000)
 ParOldGen       total 47616K, used 3242K [0x00000000d1200000, 0x00000000d4080000, 0x00000000f0600000)
  object space 47616K, 6% used [0x00000000d1200000,0x00000000d152a8d8,0x00000000d4080000)
 Metaspace       used 3629K, capacity 4672K, committed 4864K, reserved 1056768K
  class space    used 402K, capacity 432K, committed 512K, reserved 1048576K
}
Event: 32.352 GC heap before
{Heap before GC invocations=12 (full 0):
 PSYoungGen      total 3072K, used 2251K [0x00000000f0600000, 0x00000000f0b80000, 0x0000000100000000)
  eden space 2048K, 95% used [0x00000000f0600000,0x00000000f07e85c8,0x00000000f0800000)
  from space 1024K, 29% used [0x00000000f0800000,0x00000000f084a810,0x00000000f0900000)
  to   space 1024K, 0% used [0x00000000f0a80000,0x00000000f0a80000,0x00000000f0b80000)
 ParOldGen       total 47616K, used 3242K [0x00000000d1200000, 0x00000000d4080000, 0x00000000f0600000)
  object space 47616K, 6% used [0x00000000d1200000,0x00000000d152a8d8,0x00000000d4080000)
 Metaspace       used 3629K, capacity 4672K, committed 4864K, reserved 1056768K
  class space    used 402K, capacity 432K, committed 512K, reserved 1048576K
Event: 32.356 GC heap after
Heap after GC invocations=12 (full 0):
 PSYoungGen      total 4608K, used 779K [0x00000000f0600000, 0x00000000f0b80000, 0x0000000100000000)
  eden space 3584K, 0% used [0x00000000f0600000,0x00000000f0600000,0x00000000f0980000)
  from space 1024K, 76% used [0x00000000f0a80000,0x00000000f0b42d00,0x00000000f0b80000)
  to   space 1024K, 0% used [0x00000000f0980000,0x00000000f0980000,0x00000000f0a80000)
 ParOldGen       total 47616K, used 3258K [0x00000000d1200000, 0x00000000d4080000, 0x00000000f0600000)
  object space 47616K, 6% used [0x00000000d1200000,0x00000000d152e8d8,0x00000000d4080000)
 Metaspace       used 3629K, capacity 4672K, committed 4864K, reserved 1056768K
  class space    used 402K, capacity 432K, committed 512K, reserved 1048576K
}

